<?xml version="1.0" encoding="UTF-8"?>
<!-- Generated by org.testng.reporters.JUnitReportReporter -->
<testsuite skipped="0" hostname="PCDAMER" name="communs.FermerPage" tests="1" failures="0" timestamp="2020-01-14T10:51:09 CET" time="1.300" errors="0">
  <testcase name="CloseBrowser" time="1.300" classname="communs.FermerPage"/>
</testsuite> <!-- communs.FermerPage -->
