<?xml version="1.0" encoding="UTF-8"?>
<!-- Generated by org.testng.reporters.JUnitReportReporter -->
<testsuite skipped="0" hostname="PCDAMER" name="tests.TestCreationCompteDataBase" tests="1" failures="0" timestamp="2020-01-14T10:51:09 CET" time="46.659" errors="0">
  <testcase name="CreerComptedataBase" time="46.659" classname="tests.TestCreationCompteDataBase"/>
</testsuite> <!-- tests.TestCreationCompteDataBase -->
