<?xml version="1.0" encoding="UTF-8"?>
<!-- Generated by org.testng.reporters.JUnitReportReporter -->
<testsuite skipped="0" hostname="PCDAMER" name="tests.TestCreationCompteExcel" tests="1" failures="0" timestamp="2020-01-14T10:48:19 CET" time="19.516" errors="0">
  <testcase name="CreerCompte_donneesExcel" time="19.516" classname="tests.TestCreationCompteExcel"/>
</testsuite> <!-- tests.TestCreationCompteExcel -->
