<?xml version="1.0" encoding="UTF-8"?>
<!-- Generated by org.testng.reporters.JUnitReportReporter -->
<testsuite skipped="0" hostname="PCDAMER" name="tests.TestAccesPageCeationCompte" tests="1" failures="0" timestamp="2020-01-14T10:51:09 CET" time="26.798" errors="0">
  <testcase name="AccesPageInscription" time="26.798" classname="tests.TestAccesPageCeationCompte"/>
</testsuite> <!-- tests.TestAccesPageCeationCompte -->
