<?xml version="1.0" encoding="UTF-8"?>
<!-- Generated by org.testng.reporters.JUnitReportReporter -->
<testsuite skipped="0" hostname="PCDAMER" name="communs.OuvrirPageTest" tests="1" failures="0" timestamp="2020-01-13T15:09:12 CET" time="5.444" errors="0">
  <testcase name="OuvrirPageChrome" time="5.444" classname="communs.OuvrirPageTest"/>
</testsuite> <!-- communs.OuvrirPageTest -->
